<?xml version="1.0" encoding="UTF-8" ?>
<testsuite failures="0" time="2.067" errors="0" skipped="0" tests="15" name="cz.muni.fi.pv168.rent.ReservationManagerImplTest">
  <properties>
[...]
</properties>
  <testcase time="0.065" classname="cz.muni.fi.pv168.rent.ReservationManagerImplTest" name="createReservation_WithSetId_ExceptionShouldBeThrown"/>
  <testcase time="0.098" classname="cz.muni.fi.pv168.rent.ReservationManagerImplTest" name="createReservation_WithSetRealEndDate_ExceptionShouldBeThrown"/>
  <testcase time="0.067" classname="cz.muni.fi.pv168.rent.ReservationManagerImplTest" name="createReservation_NullStartDate_ExceptionShouldBeThrown"/>
  <testcase time="0.442" classname="cz.muni.fi.pv168.rent.ReservationManagerImplTest" name="getAllReservation_AddingReservations_ShouldRetrunAll"/>
  <testcase time="0.14" classname="cz.muni.fi.pv168.rent.ReservationManagerImplTest" name="createReservation_ValidReservation_ReservationShouldBeCreated"/>
  <testcase time="0.128" classname="cz.muni.fi.pv168.rent.ReservationManagerImplTest" name="getReservationById_ValidId_ShouldReturnReservation"/>
  <testcase time="0.049" classname="cz.muni.fi.pv168.rent.ReservationManagerImplTest" name="createReservation_NullInfo_ExceptionShouldBeThrown"/>
  <testcase time="0.161" classname="cz.muni.fi.pv168.rent.ReservationManagerImplTest" name="deleteReservation_ValidReservation_ReservationShouldBeRemoved"/>
  <testcase time="0.218" classname="cz.muni.fi.pv168.rent.ReservationManagerImplTest" name="createReservation_AlreadyExistingReservation_ReservationShouldNotBeCreated"/>
  <testcase time="0.052" classname="cz.muni.fi.pv168.rent.ReservationManagerImplTest" name="deleteReservation_PassingNull_ExceptionShouldBeThrown"/>
  <testcase time="0.045" classname="cz.muni.fi.pv168.rent.ReservationManagerImplTest" name="createReservation_NullEndDate_ExceptionShouldBeThrown"/>
  <testcase time="0.053" classname="cz.muni.fi.pv168.rent.ReservationManagerImplTest" name="createReservation_NullCustomer_ExceptionShouldBeThrown"/>
  <testcase time="0.055" classname="cz.muni.fi.pv168.rent.ReservationManagerImplTest" name="createReservation_PassingNull_ExceptionShouldBeThrown"/>
  <testcase time="0.046" classname="cz.muni.fi.pv168.rent.ReservationManagerImplTest" name="createReservation_NullVehicle_ExceptionShouldBeThrown"/>
  <testcase time="0.104" classname="cz.muni.fi.pv168.rent.ReservationManagerImplTest" name="getReservationById_InvalidId_ShouldReturnNull"/>
</testsuite>