<?xml version="1.0" encoding="UTF-8" ?>
<testsuite failures="0" time="2.258" errors="0" skipped="0" tests="15" name="cz.muni.fi.pv168.rent.VehicleManagerImplTest">
  <properties>
[...]
</properties>
  <testcase time="0.198" classname="cz.muni.fi.pv168.rent.VehicleManagerImplTest" name="deleteVehicle_ValidVehicle_VehicleShouldBeRemoved"/>
  <testcase time="0.084" classname="cz.muni.fi.pv168.rent.VehicleManagerImplTest" name="deleteVehicle_PassingNull_ExceptionShouldBeThrown"/>
  <testcase time="0.103" classname="cz.muni.fi.pv168.rent.VehicleManagerImplTest" name="setUp_VehicleManagerInitializationTest"/>
  <testcase time="0.086" classname="cz.muni.fi.pv168.rent.VehicleManagerImplTest" name="createVehicle_NullBrand_ExceptionShouldBeThrown"/>
  <testcase time="0.112" classname="cz.muni.fi.pv168.rent.VehicleManagerImplTest" name="createVehicle_WithSetId_ExceptionShouldBeThrown"/>
  <testcase time="0.138" classname="cz.muni.fi.pv168.rent.VehicleManagerImplTest" name="createVehicle_ValidVehicle_NewVehicleShouldBeCreated"/>
  <testcase time="0.105" classname="cz.muni.fi.pv168.rent.VehicleManagerImplTest" name="getVehiclesById_InvalidId_ShouldReturnNull"/>
  <testcase time="0.171" classname="cz.muni.fi.pv168.rent.VehicleManagerImplTest" name="getVehiclesById_NullId_ExceptionShouldBeThrown"/>
  <testcase time="0.084" classname="cz.muni.fi.pv168.rent.VehicleManagerImplTest" name="createVehicle_NullPrice_ExceptionShouldBeThrown"/>
  <testcase time="0.094" classname="cz.muni.fi.pv168.rent.VehicleManagerImplTest" name="deleteVehicle_VehicleDoesNotExist_NothingShouldNotBeDeleted"/>
  <testcase time="0.116" classname="cz.muni.fi.pv168.rent.VehicleManagerImplTest" name="createVehicle_AlreadyExistingVehicle_VehicleShouldNotBeCreated"/>
  <testcase time="0.081" classname="cz.muni.fi.pv168.rent.VehicleManagerImplTest" name="createVehicle_NegativePrice_ExceptionShouldBeThrown"/>
  <testcase time="0.068" classname="cz.muni.fi.pv168.rent.VehicleManagerImplTest" name="createVehicle_PassingNull_ExceptionShouldBeThrown"/>
  <testcase time="0.091" classname="cz.muni.fi.pv168.rent.VehicleManagerImplTest" name="getAllVehicles"/>
  <testcase time="0.132" classname="cz.muni.fi.pv168.rent.VehicleManagerImplTest" name="getVehiclesById_ValidId_ShouldReturnVehicle"/>
</testsuite>